This is pdfTeX, Version 3.14159265-2.6-1.40.18 (TeX Live 2017) (preloaded format=pdflatex 2017.5.23)  18 JUL 2018 14:21
entering extended mode
 restricted \write18 enabled.
 file:line:error style messages enabled.
 %&-line parsing enabled.
**correlation-effective-analysis.tex
(./correlation-effective-analysis.tex
LaTeX2e <2017-04-15>
Babel <3.10> and hyphenation patterns for 84 language(s) loaded.
(/usr/local/texlive/2017/texmf-dist/tex/latex/base/article.cls
Document Class: article 2014/09/29 v1.4h Standard LaTeX document class
(/usr/local/texlive/2017/texmf-dist/tex/latex/base/size10.clo
File: size10.clo 2014/09/29 v1.4h Standard LaTeX file (size option)
)
\c@part=\count79
\c@section=\count80
\c@subsection=\count81
\c@subsubsection=\count82
\c@paragraph=\count83
\c@subparagraph=\count84
\c@figure=\count85
\c@table=\count86
\abovecaptionskip=\skip41
\belowcaptionskip=\skip42
\bibindent=\dimen102
)
(/usr/local/texlive/2017/texmf-dist/tex/latex/tools/longtable.sty
Package: longtable 2014/10/28 v4.11 Multi-page Table package (DPC)
\LTleft=\skip43
\LTright=\skip44
\LTpre=\skip45
\LTpost=\skip46
\LTchunksize=\count87
\LTcapwidth=\dimen103
\LT@head=\box26
\LT@firsthead=\box27
\LT@foot=\box28
\LT@lastfoot=\box29
\LT@cols=\count88
\LT@rows=\count89
\c@LT@tables=\count90
\c@LT@chunks=\count91
\LT@p@ftn=\toks14
)
(/usr/local/texlive/2017/texmf-dist/tex/latex/graphics/rotating.sty
Package: rotating 2016/08/11 v2.16d rotated objects in LaTeX

(/usr/local/texlive/2017/texmf-dist/tex/latex/graphics/graphicx.sty
Package: graphicx 2014/10/28 v1.0g Enhanced LaTeX Graphics (DPC,SPQR)

(/usr/local/texlive/2017/texmf-dist/tex/latex/graphics/keyval.sty
Package: keyval 2014/10/28 v1.15 key=value parser (DPC)
\KV@toks@=\toks15
)
(/usr/local/texlive/2017/texmf-dist/tex/latex/graphics/graphics.sty
Package: graphics 2017/04/14 v1.1b Standard LaTeX Graphics (DPC,SPQR)

(/usr/local/texlive/2017/texmf-dist/tex/latex/graphics/trig.sty
Package: trig 2016/01/03 v1.10 sin cos tan (DPC)
)
(/usr/local/texlive/2017/texmf-dist/tex/latex/graphics-cfg/graphics.cfg
File: graphics.cfg 2016/06/04 v1.11 sample graphics configuration
)
Package graphics Info: Driver file: pdftex.def on input line 99.

(/usr/local/texlive/2017/texmf-dist/tex/latex/graphics-def/pdftex.def
File: pdftex.def 2017/01/12 v0.06k Graphics/color for pdfTeX

(/usr/local/texlive/2017/texmf-dist/tex/generic/oberdiek/infwarerr.sty
Package: infwarerr 2016/05/16 v1.4 Providing info/warning/error messages (HO)
)
(/usr/local/texlive/2017/texmf-dist/tex/generic/oberdiek/ltxcmds.sty
Package: ltxcmds 2016/05/16 v1.23 LaTeX kernel commands for general use (HO)
)
\Gread@gobject=\count92
))
\Gin@req@height=\dimen104
\Gin@req@width=\dimen105
)
(/usr/local/texlive/2017/texmf-dist/tex/latex/base/ifthen.sty
Package: ifthen 2014/09/29 v1.1c Standard LaTeX ifthen package (DPC)
)
\c@r@tfl@t=\count93
\rotFPtop=\skip47
\rotFPbot=\skip48
\rot@float@box=\box30
\rot@mess@toks=\toks16
)
(/usr/local/texlive/2017/texmf-dist/tex/latex/graphics/lscape.sty
Package: lscape 2000/10/22 v3.01 Landscape Pages (DPC)
)
(/usr/local/texlive/2017/texmf-dist/tex/latex/ctable/ctable.sty
Package: ctable 2015/10/17 v1.31 ctable package for flexible typesetting of tab
le and figure floats using key/value directives

(/usr/local/texlive/2017/texmf-dist/tex/generic/oberdiek/ifpdf.sty
Package: ifpdf 2017/03/15 v3.2 Provides the ifpdf switch
)
(/usr/local/texlive/2017/texmf-dist/tex/latex/etoolbox/etoolbox.sty
Package: etoolbox 2017/01/02 v2.4 e-TeX tools for LaTeX (JAW)
\etb@tempcnta=\count94
)
(/usr/local/texlive/2017/texmf-dist/tex/latex/xcolor/xcolor.sty
Package: xcolor 2016/05/11 v2.12 LaTeX color extensions (UK)

(/usr/local/texlive/2017/texmf-dist/tex/latex/graphics-cfg/color.cfg
File: color.cfg 2016/01/02 v1.6 sample color configuration
)
Package xcolor Info: Driver file: pdftex.def on input line 225.
Package xcolor Info: Model `cmy' substituted by `cmy0' on input line 1348.
Package xcolor Info: Model `hsb' substituted by `rgb' on input line 1352.
Package xcolor Info: Model `RGB' extended on input line 1364.
Package xcolor Info: Model `HTML' substituted by `rgb' on input line 1366.
Package xcolor Info: Model `Hsb' substituted by `hsb' on input line 1367.
Package xcolor Info: Model `tHsb' substituted by `hsb' on input line 1368.
Package xcolor Info: Model `HSB' substituted by `hsb' on input line 1369.
Package xcolor Info: Model `Gray' substituted by `gray' on input line 1370.
Package xcolor Info: Model `wave' substituted by `hsb' on input line 1371.
)
(/usr/local/texlive/2017/texmf-dist/tex/latex/xkeyval/xkeyval.sty
Package: xkeyval 2014/12/03 v2.7a package option processing (HA)

(/usr/local/texlive/2017/texmf-dist/tex/generic/xkeyval/xkeyval.tex
(/usr/local/texlive/2017/texmf-dist/tex/generic/xkeyval/xkvutils.tex
\XKV@toks=\toks17
\XKV@tempa@toks=\toks18
)
\XKV@depth=\count95
File: xkeyval.tex 2014/12/03 v2.7a key=value parser (HA)
))
(/usr/local/texlive/2017/texmf-dist/tex/latex/tools/array.sty
Package: array 2016/10/06 v2.4d Tabular extension package (FMi)
\col@sep=\dimen106
\extrarowheight=\dimen107
\NC@list=\toks19
\extratabsurround=\skip49
\backup@length=\skip50
)
(/usr/local/texlive/2017/texmf-dist/tex/latex/tools/tabularx.sty
Package: tabularx 2016/02/03 v2.11 `tabularx' package (DPC)
\TX@col@width=\dimen108
\TX@old@table=\dimen109
\TX@old@col=\dimen110
\TX@target=\dimen111
\TX@delta=\dimen112
\TX@cols=\count96
\TX@ftn=\toks20
)
(/usr/local/texlive/2017/texmf-dist/tex/latex/booktabs/booktabs.sty
Package: booktabs 2016/04/27 v1.618033 publication quality tables
\heavyrulewidth=\dimen113
\lightrulewidth=\dimen114
\cmidrulewidth=\dimen115
\belowrulesep=\dimen116
\belowbottomsep=\dimen117
\aboverulesep=\dimen118
\abovetopsep=\dimen119
\cmidrulesep=\dimen120
\cmidrulekern=\dimen121
\defaultaddspace=\dimen122
\@cmidla=\count97
\@cmidlb=\count98
\@aboverulesep=\dimen123
\@belowrulesep=\dimen124
\@thisruleclass=\count99
\@lastruleclass=\count100
\@thisrulewidth=\dimen125
)
(/usr/local/texlive/2017/texmf-dist/tex/latex/oberdiek/transparent.sty
Package: transparent 2016/05/16 v1.1 Transparency via pdfTeX's color stack (HO)


(/usr/local/texlive/2017/texmf-dist/tex/latex/oberdiek/auxhook.sty
Package: auxhook 2016/05/16 v1.4 Hooks for auxiliary files (HO)
))
\@CTframesep=\dimen126
\@dfltCTframesep=\dimen127
\@CTframerule=\dimen128
\@dfltCTframerule=\dimen129
\@CTwidth=\dimen130
\@dfltCTwidth=\dimen131
\@CTcaptionskip=\dimen132
\@dfltCTcaptionskip=\dimen133
\@CTmaxwidth=\dimen134
\@dfltCTmaxwidth=\dimen135
\@CTmincapwidth=\dimen136
\@dfltCTmincapwidth=\dimen137
\@CTfooterwidth=\dimen138
\@dfltCTfooterwidth=\dimen139
\@CTw=\dimen140
\@CTfloatwidth=\dimen141
\@CToldsep=\dimen142
\@CToldrule=\dimen143
\CT@t=\box31
\@CTcurftwidth=\dimen144
)

LaTeX Warning: Unused global option(s):
    [6pt].

(./correlation-effective-analysis.aux

LaTeX Warning: Label `round' multiply defined.


LaTeX Warning: Label `round' multiply defined.


LaTeX Warning: Label `round' multiply defined.


LaTeX Warning: Label `round' multiply defined.


LaTeX Warning: Label `round' multiply defined.


LaTeX Warning: Label `round' multiply defined.


LaTeX Warning: Label `round' multiply defined.


LaTeX Warning: Label `round' multiply defined.


LaTeX Warning: Label `round' multiply defined.


LaTeX Warning: Label `round' multiply defined.


LaTeX Warning: Label `round' multiply defined.


LaTeX Warning: Label `round' multiply defined.


LaTeX Warning: Label `round' multiply defined.


LaTeX Warning: Label `round' multiply defined.


LaTeX Warning: Label `round' multiply defined.


LaTeX Warning: Label `round' multiply defined.


LaTeX Warning: Label `round' multiply defined.

)
\openout1 = `correlation-effective-analysis.aux'.

LaTeX Font Info:    Checking defaults for OML/cmm/m/it on input line 7.
LaTeX Font Info:    ... okay on input line 7.
LaTeX Font Info:    Checking defaults for T1/cmr/m/n on input line 7.
LaTeX Font Info:    ... okay on input line 7.
LaTeX Font Info:    Checking defaults for OT1/cmr/m/n on input line 7.
LaTeX Font Info:    ... okay on input line 7.
LaTeX Font Info:    Checking defaults for OMS/cmsy/m/n on input line 7.
LaTeX Font Info:    ... okay on input line 7.
LaTeX Font Info:    Checking defaults for OMX/cmex/m/n on input line 7.
LaTeX Font Info:    ... okay on input line 7.
LaTeX Font Info:    Checking defaults for U/cmr/m/n on input line 7.
LaTeX Font Info:    ... okay on input line 7.
 (/usr/local/texlive/2017/texmf-dist/tex/context/base/mkii/supp-pdf.mkii
[Loading MPS to PDF converter (version 2006.09.02).]
\scratchcounter=\count101
\scratchdimen=\dimen145
\scratchbox=\box32
\nofMPsegments=\count102
\nofMParguments=\count103
\everyMPshowfont=\toks21
\MPscratchCnt=\count104
\MPscratchDim=\dimen146
\MPnumerator=\count105
\makeMPintoPDFobject=\count106
\everyMPtoPDFconversion=\toks22
) (/usr/local/texlive/2017/texmf-dist/tex/generic/oberdiek/pdftexcmds.sty
Package: pdftexcmds 2017/03/19 v0.25 Utility functions of pdfTeX for LuaTeX (HO
)

(/usr/local/texlive/2017/texmf-dist/tex/generic/oberdiek/ifluatex.sty
Package: ifluatex 2016/05/16 v1.4 Provides the ifluatex switch (HO)
Package ifluatex Info: LuaTeX not detected.
)
Package pdftexcmds Info: LuaTeX not detected.
Package pdftexcmds Info: \pdf@primitive is available.
Package pdftexcmds Info: \pdf@ifprimitive is available.
Package pdftexcmds Info: \pdfdraftmode found.
)
(/usr/local/texlive/2017/texmf-dist/tex/latex/oberdiek/epstopdf-base.sty
Package: epstopdf-base 2016/05/15 v2.6 Base part for package epstopdf

(/usr/local/texlive/2017/texmf-dist/tex/latex/oberdiek/grfext.sty
Package: grfext 2016/05/16 v1.2 Manage graphics extensions (HO)

(/usr/local/texlive/2017/texmf-dist/tex/generic/oberdiek/kvdefinekeys.sty
Package: kvdefinekeys 2016/05/16 v1.4 Define keys (HO)
))
(/usr/local/texlive/2017/texmf-dist/tex/latex/oberdiek/kvoptions.sty
Package: kvoptions 2016/05/16 v3.12 Key value format for package options (HO)

(/usr/local/texlive/2017/texmf-dist/tex/generic/oberdiek/kvsetkeys.sty
Package: kvsetkeys 2016/05/16 v1.17 Key value parser (HO)

(/usr/local/texlive/2017/texmf-dist/tex/generic/oberdiek/etexcmds.sty
Package: etexcmds 2016/05/16 v1.6 Avoid name clashes with e-TeX commands (HO)
Package etexcmds Info: Could not find \expanded.
(etexcmds)             That can mean that you are not using pdfTeX 1.50 or
(etexcmds)             that some package has redefined \expanded.
(etexcmds)             In the latter case, load this package earlier.
)))
Package epstopdf-base Info: Redefining graphics rule for `.eps' on input line 4
38.
Package grfext Info: Graphics extension search list:
(grfext)             [.png,.pdf,.jpg,.mps,.jpeg,.jbig2,.jb2,.PNG,.PDF,.JPG,.JPE
G,.JBIG2,.JB2,.eps]
(grfext)             \AppendGraphicsExtensions on input line 456.

(/usr/local/texlive/2017/texmf-dist/tex/latex/latexconfig/epstopdf-sys.cfg
File: epstopdf-sys.cfg 2010/07/13 v1.3 Configuration of (r)epstopdf for TeX Liv
e
))
LaTeX Font Info:    External font `cmex10' loaded for size
(Font)              <12> on input line 9.
LaTeX Font Info:    External font `cmex10' loaded for size
(Font)              <8> on input line 9.
LaTeX Font Info:    External font `cmex10' loaded for size
(Font)              <6> on input line 9.


LaTeX Warning: No \author given.

[1

{/usr/local/texlive/2017/texmf-var/fonts/map/pdftex/updmap/pdftex.map}]
Overfull \hbox (366.93124pt too wide) in alignment at lines 14--18
 [] [] [] [] [] [] [] [] [] [] [] 
 []


Overfull \hbox (366.93124pt too wide) in alignment at lines 18--22
 [] [] [] [] [] [] [] [] [] [] [] 
 []


Overfull \hbox (366.93124pt too wide) in alignment at lines 22--25
 [] [] [] [] [] [] [] [] [] [] [] 
 []

LaTeX Font Info:    External font `cmex10' loaded for size
(Font)              <9> on input line 27.
LaTeX Font Info:    External font `cmex10' loaded for size
(Font)              <5> on input line 27.

Overfull \hbox (366.93124pt too wide) in alignment at lines 25--38
 [] [] [] [] [] [] [] [] [] [] [] 
 []

[2

]
Overfull \hbox (366.93124pt too wide) in alignment at lines 42--46
 [] [] [] [] [] [] [] [] [] [] [] 
 []


Overfull \hbox (366.93124pt too wide) in alignment at lines 46--50
 [] [] [] [] [] [] [] [] [] [] [] 
 []


Overfull \hbox (366.93124pt too wide) in alignment at lines 50--53
 [] [] [] [] [] [] [] [] [] [] [] 
 []


Overfull \hbox (366.93124pt too wide) in alignment at lines 53--66
 [] [] [] [] [] [] [] [] [] [] [] 
 []

[3


] [4

]
Overfull \hbox (366.93124pt too wide) in alignment at lines 72--76
 [] [] [] [] [] [] [] [] [] [] [] 
 []


Overfull \hbox (366.93124pt too wide) in alignment at lines 76--80
 [] [] [] [] [] [] [] [] [] [] [] 
 []


Overfull \hbox (366.93124pt too wide) in alignment at lines 80--83
 [] [] [] [] [] [] [] [] [] [] [] 
 []


Overfull \hbox (366.93124pt too wide) in alignment at lines 83--96
 [] [] [] [] [] [] [] [] [] [] [] 
 []

[5

]
Overfull \hbox (366.93124pt too wide) in alignment at lines 100--104
 [] [] [] [] [] [] [] [] [] [] [] 
 []


Overfull \hbox (366.93124pt too wide) in alignment at lines 104--108
 [] [] [] [] [] [] [] [] [] [] [] 
 []


Overfull \hbox (366.93124pt too wide) in alignment at lines 108--111
 [] [] [] [] [] [] [] [] [] [] [] 
 []


Overfull \hbox (366.93124pt too wide) in alignment at lines 111--124
 [] [] [] [] [] [] [] [] [] [] [] 
 []

[6


] [7

]
Overfull \hbox (366.93124pt too wide) in alignment at lines 130--134
 [] [] [] [] [] [] [] [] [] [] [] 
 []


Overfull \hbox (366.93124pt too wide) in alignment at lines 134--138
 [] [] [] [] [] [] [] [] [] [] [] 
 []


Overfull \hbox (366.93124pt too wide) in alignment at lines 138--141
 [] [] [] [] [] [] [] [] [] [] [] 
 []


Overfull \hbox (366.93124pt too wide) in alignment at lines 141--154
 [] [] [] [] [] [] [] [] [] [] [] 
 []

[8

]
Overfull \hbox (366.93124pt too wide) in alignment at lines 158--162
 [] [] [] [] [] [] [] [] [] [] [] 
 []


Overfull \hbox (366.93124pt too wide) in alignment at lines 162--166
 [] [] [] [] [] [] [] [] [] [] [] 
 []


Overfull \hbox (366.93124pt too wide) in alignment at lines 166--169
 [] [] [] [] [] [] [] [] [] [] [] 
 []


Overfull \hbox (366.93124pt too wide) in alignment at lines 169--182
 [] [] [] [] [] [] [] [] [] [] [] 
 []

[9


] [10

]
Overfull \hbox (366.93124pt too wide) in alignment at lines 188--192
 [] [] [] [] [] [] [] [] [] [] [] 
 []


Overfull \hbox (366.93124pt too wide) in alignment at lines 192--196
 [] [] [] [] [] [] [] [] [] [] [] 
 []


Overfull \hbox (366.93124pt too wide) in alignment at lines 196--199
 [] [] [] [] [] [] [] [] [] [] [] 
 []


Overfull \hbox (366.93124pt too wide) in alignment at lines 199--212
 [] [] [] [] [] [] [] [] [] [] [] 
 []

[11

]
Overfull \hbox (366.93124pt too wide) in alignment at lines 216--220
 [] [] [] [] [] [] [] [] [] [] [] 
 []


Overfull \hbox (366.93124pt too wide) in alignment at lines 220--224
 [] [] [] [] [] [] [] [] [] [] [] 
 []


Overfull \hbox (366.93124pt too wide) in alignment at lines 224--227
 [] [] [] [] [] [] [] [] [] [] [] 
 []


Overfull \hbox (366.93124pt too wide) in alignment at lines 227--240
 [] [] [] [] [] [] [] [] [] [] [] 
 []

[12


] [13

]
Overfull \hbox (366.93124pt too wide) in alignment at lines 246--250
 [] [] [] [] [] [] [] [] [] [] [] 
 []


Overfull \hbox (366.93124pt too wide) in alignment at lines 250--254
 [] [] [] [] [] [] [] [] [] [] [] 
 []


Overfull \hbox (366.93124pt too wide) in alignment at lines 254--257
 [] [] [] [] [] [] [] [] [] [] [] 
 []


Overfull \hbox (366.93124pt too wide) in alignment at lines 257--270
 [] [] [] [] [] [] [] [] [] [] [] 
 []

[14

]
Overfull \hbox (366.93124pt too wide) in alignment at lines 274--278
 [] [] [] [] [] [] [] [] [] [] [] 
 []


Overfull \hbox (366.93124pt too wide) in alignment at lines 278--282
 [] [] [] [] [] [] [] [] [] [] [] 
 []


Overfull \hbox (366.93124pt too wide) in alignment at lines 282--285
 [] [] [] [] [] [] [] [] [] [] [] 
 []


Overfull \hbox (366.93124pt too wide) in alignment at lines 285--298
 [] [] [] [] [] [] [] [] [] [] [] 
 []

[15


] [16

]
Overfull \hbox (366.93124pt too wide) in alignment at lines 304--308
 [] [] [] [] [] [] [] [] [] [] [] 
 []


Overfull \hbox (366.93124pt too wide) in alignment at lines 308--312
 [] [] [] [] [] [] [] [] [] [] [] 
 []


Overfull \hbox (366.93124pt too wide) in alignment at lines 312--315
 [] [] [] [] [] [] [] [] [] [] [] 
 []


Overfull \hbox (366.93124pt too wide) in alignment at lines 315--328
 [] [] [] [] [] [] [] [] [] [] [] 
 []

[17

]
Overfull \hbox (366.93124pt too wide) in alignment at lines 332--336
 [] [] [] [] [] [] [] [] [] [] [] 
 []


Overfull \hbox (366.93124pt too wide) in alignment at lines 336--340
 [] [] [] [] [] [] [] [] [] [] [] 
 []


Overfull \hbox (366.93124pt too wide) in alignment at lines 340--343
 [] [] [] [] [] [] [] [] [] [] [] 
 []


Overfull \hbox (366.93124pt too wide) in alignment at lines 343--356
 [] [] [] [] [] [] [] [] [] [] [] 
 []

[18


] [19

]
Overfull \hbox (366.93124pt too wide) in alignment at lines 362--366
 [] [] [] [] [] [] [] [] [] [] [] 
 []


Overfull \hbox (366.93124pt too wide) in alignment at lines 366--370
 [] [] [] [] [] [] [] [] [] [] [] 
 []


Overfull \hbox (366.93124pt too wide) in alignment at lines 370--373
 [] [] [] [] [] [] [] [] [] [] [] 
 []


Overfull \hbox (366.93124pt too wide) in alignment at lines 373--386
 [] [] [] [] [] [] [] [] [] [] [] 
 []

[20

]
Overfull \hbox (366.93124pt too wide) in alignment at lines 390--394
 [] [] [] [] [] [] [] [] [] [] [] 
 []


Overfull \hbox (366.93124pt too wide) in alignment at lines 394--398
 [] [] [] [] [] [] [] [] [] [] [] 
 []


Overfull \hbox (366.93124pt too wide) in alignment at lines 398--401
 [] [] [] [] [] [] [] [] [] [] [] 
 []


Overfull \hbox (366.93124pt too wide) in alignment at lines 401--414
 [] [] [] [] [] [] [] [] [] [] [] 
 []

[21


] [22

]
Overfull \hbox (366.93124pt too wide) in alignment at lines 420--424
 [] [] [] [] [] [] [] [] [] [] [] 
 []


Overfull \hbox (366.93124pt too wide) in alignment at lines 424--428
 [] [] [] [] [] [] [] [] [] [] [] 
 []


Overfull \hbox (366.93124pt too wide) in alignment at lines 428--431
 [] [] [] [] [] [] [] [] [] [] [] 
 []


Overfull \hbox (366.93124pt too wide) in alignment at lines 431--444
 [] [] [] [] [] [] [] [] [] [] [] 
 []

[23

]
Overfull \hbox (366.93124pt too wide) in alignment at lines 448--452
 [] [] [] [] [] [] [] [] [] [] [] 
 []


Overfull \hbox (366.93124pt too wide) in alignment at lines 452--456
 [] [] [] [] [] [] [] [] [] [] [] 
 []


Overfull \hbox (366.93124pt too wide) in alignment at lines 456--459
 [] [] [] [] [] [] [] [] [] [] [] 
 []


Overfull \hbox (366.93124pt too wide) in alignment at lines 459--472
 [] [] [] [] [] [] [] [] [] [] [] 
 []

[24


] [25

]
Overfull \hbox (366.93124pt too wide) in alignment at lines 478--482
 [] [] [] [] [] [] [] [] [] [] [] 
 []


Overfull \hbox (366.93124pt too wide) in alignment at lines 482--486
 [] [] [] [] [] [] [] [] [] [] [] 
 []


Overfull \hbox (366.93124pt too wide) in alignment at lines 486--489
 [] [] [] [] [] [] [] [] [] [] [] 
 []


Overfull \hbox (366.93124pt too wide) in alignment at lines 489--502
 [] [] [] [] [] [] [] [] [] [] [] 
 []

[26

]
Overfull \hbox (366.93124pt too wide) in alignment at lines 506--510
 [] [] [] [] [] [] [] [] [] [] [] 
 []


Overfull \hbox (366.93124pt too wide) in alignment at lines 510--514
 [] [] [] [] [] [] [] [] [] [] [] 
 []


Overfull \hbox (366.93124pt too wide) in alignment at lines 514--517
 [] [] [] [] [] [] [] [] [] [] [] 
 []


Overfull \hbox (366.93124pt too wide) in alignment at lines 517--530
 [] [] [] [] [] [] [] [] [] [] [] 
 []

[27


] (./correlation-effective-analysis.aux)

LaTeX Warning: There were multiply-defined labels.

 ) 
Here is how much of TeX's memory you used:
 3070 strings out of 492995
 41878 string characters out of 6132704
 128429 words of memory out of 5000000
 6579 multiletter control sequences out of 15000+600000
 8537 words of font info for 30 fonts, out of 8000000 for 9000
 1141 hyphenation exceptions out of 8191
 39i,6n,53p,818b,255s stack positions out of 5000i,500n,10000p,200000b,80000s
</usr/local/texlive/2017/texmf-dist/fonts/type1/public/amsfonts/cm/cmbx12.pfb
></usr/local/texlive/2017/texmf-dist/fonts/type1/public/amsfonts/cm/cmmi9.pfb><
/usr/local/texlive/2017/texmf-dist/fonts/type1/public/amsfonts/cm/cmr10.pfb></u
sr/local/texlive/2017/texmf-dist/fonts/type1/public/amsfonts/cm/cmr12.pfb></usr
/local/texlive/2017/texmf-dist/fonts/type1/public/amsfonts/cm/cmr17.pfb></usr/l
ocal/texlive/2017/texmf-dist/fonts/type1/public/amsfonts/cm/cmr9.pfb></usr/loca
l/texlive/2017/texmf-dist/fonts/type1/public/amsfonts/cm/cmsy9.pfb>
Output written on correlation-effective-analysis.pdf (27 pages, 106339 bytes).
PDF statistics:
 119 PDF objects out of 1000 (max. 8388607)
 82 compressed objects within 1 object stream
 0 named destinations out of 1000 (max. 500000)
 1 words of extra memory for PDF output out of 10000 (max. 10000000)

