This is pdfTeX, Version 3.14159265-2.6-1.40.19 (TeX Live 2018) (preloaded format=pdflatex 2018.9.30)  1 OCT 2018 06:26
entering extended mode
 restricted \write18 enabled.
 file:line:error style messages enabled.
 %&-line parsing enabled.
**correlation-signedup-analysis.tex
(./correlation-signedup-analysis.tex
LaTeX2e <2018-04-01> patch level 2
Babel <3.18> and hyphenation patterns for 84 language(s) loaded.
(/usr/local/texlive/2018/texmf-dist/tex/latex/base/article.cls
Document Class: article 2014/09/29 v1.4h Standard LaTeX document class
(/usr/local/texlive/2018/texmf-dist/tex/latex/base/size10.clo
File: size10.clo 2014/09/29 v1.4h Standard LaTeX file (size option)
)
\c@part=\count80
\c@section=\count81
\c@subsection=\count82
\c@subsubsection=\count83
\c@paragraph=\count84
\c@subparagraph=\count85
\c@figure=\count86
\c@table=\count87
\abovecaptionskip=\skip41
\belowcaptionskip=\skip42
\bibindent=\dimen102
)
(/usr/local/texlive/2018/texmf-dist/tex/latex/geometry/geometry.sty
Package: geometry 2018/03/24 v5.7 Page Geometry

(/usr/local/texlive/2018/texmf-dist/tex/latex/graphics/keyval.sty
Package: keyval 2014/10/28 v1.15 key=value parser (DPC)
\KV@toks@=\toks14
)
(/usr/local/texlive/2018/texmf-dist/tex/generic/oberdiek/ifpdf.sty
Package: ifpdf 2017/03/15 v3.2 Provides the ifpdf switch
)
(/usr/local/texlive/2018/texmf-dist/tex/generic/oberdiek/ifvtex.sty
Package: ifvtex 2016/05/16 v1.6 Detect VTeX and its facilities (HO)
Package ifvtex Info: VTeX not detected.
)
(/usr/local/texlive/2018/texmf-dist/tex/generic/ifxetex/ifxetex.sty
Package: ifxetex 2010/09/12 v0.6 Provides ifxetex conditional
)
\Gm@cnth=\count88
\Gm@cntv=\count89
\c@Gm@tempcnt=\count90
\Gm@bindingoffset=\dimen103
\Gm@wd@mp=\dimen104
\Gm@odd@mp=\dimen105
\Gm@even@mp=\dimen106
\Gm@layoutwidth=\dimen107
\Gm@layoutheight=\dimen108
\Gm@layouthoffset=\dimen109
\Gm@layoutvoffset=\dimen110
\Gm@dimlist=\toks15
)
(/usr/local/texlive/2018/texmf-dist/tex/latex/tools/longtable.sty
Package: longtable 2014/10/28 v4.11 Multi-page Table package (DPC)
\LTleft=\skip43
\LTright=\skip44
\LTpre=\skip45
\LTpost=\skip46
\LTchunksize=\count91
\LTcapwidth=\dimen111
\LT@head=\box26
\LT@firsthead=\box27
\LT@foot=\box28
\LT@lastfoot=\box29
\LT@cols=\count92
\LT@rows=\count93
\c@LT@tables=\count94
\c@LT@chunks=\count95
\LT@p@ftn=\toks16
)
(/usr/local/texlive/2018/texmf-dist/tex/latex/graphics/rotating.sty
Package: rotating 2016/08/11 v2.16d rotated objects in LaTeX

(/usr/local/texlive/2018/texmf-dist/tex/latex/graphics/graphicx.sty
Package: graphicx 2017/06/01 v1.1a Enhanced LaTeX Graphics (DPC,SPQR)

(/usr/local/texlive/2018/texmf-dist/tex/latex/graphics/graphics.sty
Package: graphics 2017/06/25 v1.2c Standard LaTeX Graphics (DPC,SPQR)

(/usr/local/texlive/2018/texmf-dist/tex/latex/graphics/trig.sty
Package: trig 2016/01/03 v1.10 sin cos tan (DPC)
)
(/usr/local/texlive/2018/texmf-dist/tex/latex/graphics-cfg/graphics.cfg
File: graphics.cfg 2016/06/04 v1.11 sample graphics configuration
)
Package graphics Info: Driver file: pdftex.def on input line 99.

(/usr/local/texlive/2018/texmf-dist/tex/latex/graphics-def/pdftex.def
File: pdftex.def 2018/01/08 v1.0l Graphics/color driver for pdftex
))
\Gin@req@height=\dimen112
\Gin@req@width=\dimen113
)
(/usr/local/texlive/2018/texmf-dist/tex/latex/base/ifthen.sty
Package: ifthen 2014/09/29 v1.1c Standard LaTeX ifthen package (DPC)
)
\c@r@tfl@t=\count96
\rotFPtop=\skip47
\rotFPbot=\skip48
\rot@float@box=\box30
\rot@mess@toks=\toks17
)
(/usr/local/texlive/2018/texmf-dist/tex/latex/oberdiek/pdflscape.sty
Package: pdflscape 2016/05/14 v0.11 Display of landscape pages in PDF (HO)

(/usr/local/texlive/2018/texmf-dist/tex/latex/graphics/lscape.sty
Package: lscape 2000/10/22 v3.01 Landscape Pages (DPC)
)
Package pdflscape Info: Auto-detected driver: pdftex on input line 81.
)
(/usr/local/texlive/2018/texmf-dist/tex/latex/ctable/ctable.sty
Package: ctable 2015/10/17 v1.31 ctable package for flexible typesetting of tab
le and figure floats using key/value directives

(/usr/local/texlive/2018/texmf-dist/tex/latex/etoolbox/etoolbox.sty
Package: etoolbox 2018/02/11 v2.5e e-TeX tools for LaTeX (JAW)
\etb@tempcnta=\count97
)
(/usr/local/texlive/2018/texmf-dist/tex/latex/xcolor/xcolor.sty
Package: xcolor 2016/05/11 v2.12 LaTeX color extensions (UK)

(/usr/local/texlive/2018/texmf-dist/tex/latex/graphics-cfg/color.cfg
File: color.cfg 2016/01/02 v1.6 sample color configuration
)
Package xcolor Info: Driver file: pdftex.def on input line 225.
Package xcolor Info: Model `cmy' substituted by `cmy0' on input line 1348.
Package xcolor Info: Model `hsb' substituted by `rgb' on input line 1352.
Package xcolor Info: Model `RGB' extended on input line 1364.
Package xcolor Info: Model `HTML' substituted by `rgb' on input line 1366.
Package xcolor Info: Model `Hsb' substituted by `hsb' on input line 1367.
Package xcolor Info: Model `tHsb' substituted by `hsb' on input line 1368.
Package xcolor Info: Model `HSB' substituted by `hsb' on input line 1369.
Package xcolor Info: Model `Gray' substituted by `gray' on input line 1370.
Package xcolor Info: Model `wave' substituted by `hsb' on input line 1371.
)
(/usr/local/texlive/2018/texmf-dist/tex/latex/xkeyval/xkeyval.sty
Package: xkeyval 2014/12/03 v2.7a package option processing (HA)

(/usr/local/texlive/2018/texmf-dist/tex/generic/xkeyval/xkeyval.tex
(/usr/local/texlive/2018/texmf-dist/tex/generic/xkeyval/xkvutils.tex
\XKV@toks=\toks18
\XKV@tempa@toks=\toks19
)
\XKV@depth=\count98
File: xkeyval.tex 2014/12/03 v2.7a key=value parser (HA)
))
(/usr/local/texlive/2018/texmf-dist/tex/latex/tools/array.sty
Package: array 2018/04/07 v2.4g Tabular extension package (FMi)
\col@sep=\dimen114
\ar@mcellbox=\box31
\extrarowheight=\dimen115
\NC@list=\toks20
\extratabsurround=\skip49
\backup@length=\skip50
\ar@cellbox=\box32
)
(/usr/local/texlive/2018/texmf-dist/tex/latex/tools/tabularx.sty
Package: tabularx 2016/02/03 v2.11b `tabularx' package (DPC)
\TX@col@width=\dimen116
\TX@old@table=\dimen117
\TX@old@col=\dimen118
\TX@target=\dimen119
\TX@delta=\dimen120
\TX@cols=\count99
\TX@ftn=\toks21
)
(/usr/local/texlive/2018/texmf-dist/tex/latex/booktabs/booktabs.sty
Package: booktabs 2016/04/27 v1.618033 publication quality tables
\heavyrulewidth=\dimen121
\lightrulewidth=\dimen122
\cmidrulewidth=\dimen123
\belowrulesep=\dimen124
\belowbottomsep=\dimen125
\aboverulesep=\dimen126
\abovetopsep=\dimen127
\cmidrulesep=\dimen128
\cmidrulekern=\dimen129
\defaultaddspace=\dimen130
\@cmidla=\count100
\@cmidlb=\count101
\@aboverulesep=\dimen131
\@belowrulesep=\dimen132
\@thisruleclass=\count102
\@lastruleclass=\count103
\@thisrulewidth=\dimen133
)
(/usr/local/texlive/2018/texmf-dist/tex/latex/oberdiek/transparent.sty
Package: transparent 2016/05/16 v1.1 Transparency via pdfTeX's color stack (HO)


(/usr/local/texlive/2018/texmf-dist/tex/latex/oberdiek/auxhook.sty
Package: auxhook 2016/05/16 v1.4 Hooks for auxiliary files (HO)
))
\@CTframesep=\dimen134
\@dfltCTframesep=\dimen135
\@CTframerule=\dimen136
\@dfltCTframerule=\dimen137
\@CTwidth=\dimen138
\@dfltCTwidth=\dimen139
\@CTcaptionskip=\dimen140
\@dfltCTcaptionskip=\dimen141
\@CTmaxwidth=\dimen142
\@dfltCTmaxwidth=\dimen143
\@CTmincapwidth=\dimen144
\@dfltCTmincapwidth=\dimen145
\@CTfooterwidth=\dimen146
\@dfltCTfooterwidth=\dimen147
\@CTw=\dimen148
\@CTfloatwidth=\dimen149
\@CToldsep=\dimen150
\@CToldrule=\dimen151
\CT@t=\box33
\@CTcurftwidth=\dimen152
)

LaTeX Warning: Unused global option(s):
    [6pt].

(./correlation-signedup-analysis.aux

LaTeX Warning: Label `round' multiply defined.


LaTeX Warning: Label `round' multiply defined.


LaTeX Warning: Label `round' multiply defined.


LaTeX Warning: Label `round' multiply defined.


LaTeX Warning: Label `round' multiply defined.


LaTeX Warning: Label `round' multiply defined.


LaTeX Warning: Label `round' multiply defined.


LaTeX Warning: Label `round' multiply defined.


LaTeX Warning: Label `round' multiply defined.


LaTeX Warning: Label `round' multiply defined.


LaTeX Warning: Label `round' multiply defined.


LaTeX Warning: Label `round' multiply defined.


LaTeX Warning: Label `round' multiply defined.


LaTeX Warning: Label `round' multiply defined.


LaTeX Warning: Label `round' multiply defined.


LaTeX Warning: Label `round' multiply defined.


LaTeX Warning: Label `round' multiply defined.

)
\openout1 = `correlation-signedup-analysis.aux'.

LaTeX Font Info:    Checking defaults for OML/cmm/m/it on input line 9.
LaTeX Font Info:    ... okay on input line 9.
LaTeX Font Info:    Checking defaults for T1/cmr/m/n on input line 9.
LaTeX Font Info:    ... okay on input line 9.
LaTeX Font Info:    Checking defaults for OT1/cmr/m/n on input line 9.
LaTeX Font Info:    ... okay on input line 9.
LaTeX Font Info:    Checking defaults for OMS/cmsy/m/n on input line 9.
LaTeX Font Info:    ... okay on input line 9.
LaTeX Font Info:    Checking defaults for OMX/cmex/m/n on input line 9.
LaTeX Font Info:    ... okay on input line 9.
LaTeX Font Info:    Checking defaults for U/cmr/m/n on input line 9.
LaTeX Font Info:    ... okay on input line 9.

*geometry* driver: auto-detecting
*geometry* detected driver: pdftex
*geometry* verbose mode - [ preamble ] result:
* driver: pdftex
* paper: a4paper
* layout: <same size as paper>
* layoutoffset:(h,v)=(0.0pt,0.0pt)
* modes: 
* h-part:(L,W,R)=(15.36429pt, 566.7793pt, 15.36429pt)
* v-part:(T,H,B)=(15.36429pt, 814.31827pt, 15.36429pt)
* \paperwidth=597.50787pt
* \paperheight=845.04684pt
* \textwidth=566.7793pt
* \textheight=814.31827pt
* \oddsidemargin=-56.9057pt
* \evensidemargin=-56.9057pt
* \topmargin=-93.9057pt
* \headheight=12.0pt
* \headsep=25.0pt
* \topskip=10.0pt
* \footskip=30.0pt
* \marginparwidth=57.0pt
* \marginparsep=11.0pt
* \columnsep=10.0pt
* \skip\footins=9.0pt plus 4.0pt minus 2.0pt
* \hoffset=0.0pt
* \voffset=0.0pt
* \mag=1000
* \@twocolumnfalse
* \@twosidefalse
* \@mparswitchfalse
* \@reversemarginfalse
* (1in=72.27pt=25.4mm, 1cm=28.453pt)

(/usr/local/texlive/2018/texmf-dist/tex/context/base/mkii/supp-pdf.mkii
[Loading MPS to PDF converter (version 2006.09.02).]
\scratchcounter=\count104
\scratchdimen=\dimen153
\scratchbox=\box34
\nofMPsegments=\count105
\nofMParguments=\count106
\everyMPshowfont=\toks22
\MPscratchCnt=\count107
\MPscratchDim=\dimen154
\MPnumerator=\count108
\makeMPintoPDFobject=\count109
\everyMPtoPDFconversion=\toks23
) (/usr/local/texlive/2018/texmf-dist/tex/latex/oberdiek/epstopdf-base.sty
Package: epstopdf-base 2016/05/15 v2.6 Base part for package epstopdf

(/usr/local/texlive/2018/texmf-dist/tex/generic/oberdiek/infwarerr.sty
Package: infwarerr 2016/05/16 v1.4 Providing info/warning/error messages (HO)
)
(/usr/local/texlive/2018/texmf-dist/tex/latex/oberdiek/grfext.sty
Package: grfext 2016/05/16 v1.2 Manage graphics extensions (HO)

(/usr/local/texlive/2018/texmf-dist/tex/generic/oberdiek/kvdefinekeys.sty
Package: kvdefinekeys 2016/05/16 v1.4 Define keys (HO)

(/usr/local/texlive/2018/texmf-dist/tex/generic/oberdiek/ltxcmds.sty
Package: ltxcmds 2016/05/16 v1.23 LaTeX kernel commands for general use (HO)
)))
(/usr/local/texlive/2018/texmf-dist/tex/latex/oberdiek/kvoptions.sty
Package: kvoptions 2016/05/16 v3.12 Key value format for package options (HO)

(/usr/local/texlive/2018/texmf-dist/tex/generic/oberdiek/kvsetkeys.sty
Package: kvsetkeys 2016/05/16 v1.17 Key value parser (HO)

(/usr/local/texlive/2018/texmf-dist/tex/generic/oberdiek/etexcmds.sty
Package: etexcmds 2016/05/16 v1.6 Avoid name clashes with e-TeX commands (HO)

(/usr/local/texlive/2018/texmf-dist/tex/generic/oberdiek/ifluatex.sty
Package: ifluatex 2016/05/16 v1.4 Provides the ifluatex switch (HO)
Package ifluatex Info: LuaTeX not detected.
)
Package etexcmds Info: Could not find \expanded.
(etexcmds)             That can mean that you are not using pdfTeX 1.50 or
(etexcmds)             that some package has redefined \expanded.
(etexcmds)             In the latter case, load this package earlier.
)))
(/usr/local/texlive/2018/texmf-dist/tex/generic/oberdiek/pdftexcmds.sty
Package: pdftexcmds 2018/01/30 v0.27 Utility functions of pdfTeX for LuaTeX (HO
)
Package pdftexcmds Info: LuaTeX not detected.
Package pdftexcmds Info: \pdf@primitive is available.
Package pdftexcmds Info: \pdf@ifprimitive is available.
Package pdftexcmds Info: \pdfdhbox (12.0pt too wide) in alignment at lines 26--29
 [] [] [] [] [] [] [] 
 []

LaTeX Font Info:    External font `cmex10' loaded for size
(Font)              <7> on input line 31.
LaTeX Font Info:    External font `cmex10' loaded for size
(Font)              <5> on input line 31.

Overfull \hbox (80.91841pt too wide) in alignment at lines 29--38
 [] [] [] [] [] [] [] 
 []


Package longtable Warning: Column widths have changed
(longtable)                in table 1 on input line 38.

./correlation-signedup-analysis.tex:41: Undefined control sequence.
l.41 \setlongtables{\script
                           
? 
./correlation-signedup-analysis.tex:41: Emergency stop.
l.41 \setlongtables{\script
                           
End of file on the terminal!

 
Here is how much of TeX's memory you used:
 3502 strings out of 492649
 48488 string characters out of 6129622
 134136 words of memory out of 5000000
 7333 multiletter control sequences out of 15000+600000
 7629 words of font info for 27 fonts, out of 8000000 for 9000
 1141 hyphenation exceptions out of 8191
 41i,6n,53p,801b,221s stack positions out of 5000i,500n,10000p,200000b,80000s
./correlation-signedup-analysis.tex:41:  ==> Fatal error occurred, no output PD
F file produced!
7348 multiletter control sequences out of 15000+600000
 7280 words of font info for 26 fonts, out of 8000000 for 9000
 1141 hyphenation exceptions out of 8191
 41i,6n,53p,925b,183s stack positions out of 5000i,500n,10000p,200000b,80000s
./correlation-signedup-analysis.tex:16:  ==> Fatal error occurred, no output PD
F file produced!
[] [] [] 
 []


Overfull \hbox (17.90648pt too wide) in alignment at lines 50--53
 [] [] [] [] [] [] [] 
 []


Overfull \hbox (17.90648pt too wide) in alignment at lines 53--62
 [] [] [] [] [] [] [] 
 []


Overfull \hbox (17.90648pt too wide) in alignment at lines 68--72
 [] [] [] [] [] [] [] 
 []


Overfull \hbox (17.90648pt too wide) in alignment at lines 72--76
 [] [] [] [] [] [] [] 
 []


Overfull \hbox (17.90648pt too wide) in alignment at lines 76--79
 [] [] [] [] [] [] [] 
 []


Overfull \hbox (17.90648pt too wide) in alignment at lines 79--88
 [] [] [] [] [] [] [] 
 []


Overfull \hbox (17.90648pt too wide) in alignment at lines 92--96
 [] [] [] [] [] [] [] 
 []


Overfull \hbox (17.90648pt too wide) in alignment at lines 96--100
 [] [] [] [] [] [] [] 
 []


Overfull \hbox (17.90648pt too wide) in alignment at lines 100--103
 [] [] [] [] [] [] [] 
 []


Overfull \hbox (17.90648pt too wide) in alignment at lines 103--112
 [] [] [] [] [] [] [] 
 []


Overfull \hbox (17.90648pt too wide) in alignment at lines 118--122
 [] [] [] [] [] [] [] 
 []


Overfull \hbox (17.90648pt too wide) in alignment at lines 122--126
 [] [] [] [] [] [] [] 
 []


Overfull \hbox (17.90648pt too wide) in alignment at lines 126--129
 [] [] [] [] [] [] [] 
 []


Overfull \hbox (17.90648pt too wide) in alignment at lines 129--138
 [] [] [] [] [] [] [] 
 []

[1

{/usr/local/texlive/2018/texmf-var/fonts/map/pdftex/updmap/pdftex.map}]
Overfull \hbox (17.90648pt too wide) in alignment at lines 142--146
 [] [] [] [] [] [] [] 
 []


Overfull \hbox (17.90648pt too wide) in alignment at lines 146--150
 [] [] [] [] [] [] [] 
 []


Overfull \hbox (17.90648pt too wide) in alignment at lines 150--153
 [] [] [] [] [] [] [] 
 []


Overfull \hbox (17.90648pt too wide) in alignment at lines 153--162
 [] [] [] [] [] [] [] 
 []


Overfull \hbox (17.90648pt too wide) in alignment at lines 168--172
 [] [] [] [] [] [] [] 
 []


Overfull \hbox (17.90648pt too wide) in alignment at lines 172--176
 [] [] [] [] [] [] [] 
 []


Overfull \hbox (17.90648pt too wide) in alignment at lines 176--179
 [] [] [] [] [] [] [] 
 []


Overfull \hbox (17.90648pt too wide) in alignment at lines 179--188
 [] [] [] [] [] [] [] 
 []


Overfull \hbox (17.90648pt too wide) in alignment at lines 192--196
 [] [] [] [] [] [] [] 
 []


Overfull \hbox (17.90648pt too wide) in alignment at lines 196--200
 [] [] [] [] [] [] [] 
 []


Overfull \hbox (17.90648pt too wide) in alignment at lines 200--203
 [] [] [] [] [] [] [] 
 []


Overfull \hbox (s 145--149
 [] [] [] [] [] [] [] 
 []


Overfull \hbox (58.12457pt too wide) in alignment at lines 149--152
 [] [] [] [] [] [] [] 
 []


Overfull \hbox (144.33307pt too wide) in alignment at lines 152--161
 [] [] [] [] [] [] [] 
 []


Package longtable Warning: Column widths have changed
(longtable)                in table 6 on input line 161.

./correlation-signedup-analysis.tex:166: Undefined control sequence.
l.166 \setlongtables{\script
                            
? 

Overfull \hbox (58.12457pt too wide) in alignment at lines 167--171
 [] [] [] [] [] [] [] 
 []


Overfull \hbox (58.12457pt too wide) in alignment at lines 171--175
 [] [] [] [] [] [] [] 
 []


Overfull \hbox (58.12457pt too wide) in alignment at lines 175--178
 [] [] [] [] [] [] [] 
 []


Overfull \hbox (144.33307pt too wide) in alignment at lines 178--187
 [] [] [] [] [] [] [] 
 []


Package longtable Warning: Column widths have changed
(longtable)                in table 7 on input line 187.

./correlation-signedup-analysis.tex:190: Undefined control sequence.
l.190 \setlongtables{\script
                            
? 

Underfull \hbox (badness 4752) in paragraph at lines 191--191
[]\OT1/cmr/m/n/10 Table 8: Cor-re-la-tion ma-trix with p-values of Gains in
 []


Overfull \hbox (58.12457pt too wide) in alignment at lines 191--195
 [] [] [] [] [] [] [] 
 []


Overfull \hbox (58.12457pt too wide) in alignment at lines 195--199
 [] [] [] [] [] [] [] 
 []


Overfull \hbox (58.12457pt too wide) in alignment at lines 199--202
 [] [] [] [] [] [] [] 
 []


Overfull \hbox (144.33307pt too wide) in alignment at lines 202--211
 [] [] [] [] [] [] [] 
 []

[2]

Package longtable Warning: Column widths have changed
(longtable)                in table 8 on input line 211.

./correlation-signedup-analysis.tex:216: Undefined control sequence.
l.216 \setlongtables{\script
                            
? 

Overfull \hbox (58.12457pt too wide) in alignment at lines 217--221
 [] [] [] [] [] [] [] 
 []


Overfull \hbox (58.12457pt too wide) in alignment at lines 221--225
 [] [] [] [] [] [] [] 
 []


Overfull \hbox (58.12457pt too wide) in alignment at lines 225--228
 [] [] [] [] [] [] [] 
 []


Overfull \hbox (144.33307pt too wide) in alignment at lines 228--237
 [] [] [] [] [] [] [] 
 []


Package longtable Warning: Column widths have changed
(longtable)                in table 9 on input line 237.

./correlation-signedup-analysis.tex:240: Undefined control sequence.
l.240 \setlongtables{\script
                            
? 

Underfull \hbox (badness 3557) in paragraph at lines 241--241
[]\OT1/cmr/m/n/10 Table 10: Cor-re-la-tion ma-trix with p-values of Gains in
 []


Overfull \hbox (58.12457pt too wide) in alignment at lines 241--245
 [] [] [] [] [] [] [] 
 []


Overfull \hbox (58.12457pt too wide) in alignment at lines 245--249
 [] [] [] [] [] [] [] 
 []


Overfull \hbox (58.12457pt too wide) in alignment at lines 249--252
 [] [] [] [] [] [] [] 
 []


Overfull \hbox (144.33307pt too wide) in alignment at lines 252--261
 [] [] [] [] [] [] [] 
 []


Package longtable Warning: Column widths have changed
(longtable)                in table 10 on input line 261.


Overfull \hbox (17.17664pt too wide) in paragraph at lines 263--263
[]\OT1/cmr/bx/n/14.4 Gains in Skill/Knowledge and Mo-ti-va-tion for the group n
on-gamified.Apprentice 
 []

./correlation-signedup-analysis.tex:266: Undefined control sequence.
l.266 \setlongtables{\script
                            
? 
./correlation-signedup-analysis.tex:266: Emergency stop.
l.266 \setlongtables{\script
                            
End of file on the terminal!

 
Here is how much of TeX's memory you used:
 3513 strings out of 492649
 48580 string characters out of 6129622
 152138 words of memory out of 5000000
 7342 multiletter control sequences out of 15000+600000
 7626 words of font info for 27 fonts, out of 8000000 for 9000
 1141 hyphenation exceptions out of 8191
 41i,6n,53p,925b,212s stack positions out of 5000i,500n,10000p,200000b,80000s
./correlation-signedup-analysis.tex:266:  ==> Fatal error occurred, no output P
DF file produced!
[] [] [] [] 
 []


Overfull \hbox (17.90648pt too wide) in alignment at lines 450--453
 [] [] [] [] [] [] [] 
 []


Overfull \hbox (17.90648pt too wide) in alignment at lines 453--462
 [] [] [] [] [] [] [] 
 []

[4] (./correlation-signedup-analysis.aux)

LaTeX Warning: There were multiply-defined labels.

 ) 
Here is how much of TeX's memory you used:
 3524 strings out of 492649
 48703 string characters out of 6129622
 162256 words of memory out of 5000000
 7351 multiletter control sequences out of 15000+600000
 7629 words of font info for 27 fonts, out of 8000000 for 9000
 1141 hyphenation exceptions out of 8191
 41i,6n,53p,925b,249s stack positions out of 5000i,500n,10000p,200000b,80000s
</usr/local/texlive/2018/texmf-dist/fonts/type1/public/amsfonts/cm/cmbx12.pfb
></usr/local/texlive/2018/texmf-dist/fonts/type1/public/amsfonts/cm/cmmi7.pfb><
/usr/local/texlive/2018/texmf-dist/fonts/type1/public/amsfonts/cm/cmr10.pfb></u
sr/local/texlive/2018/texmf-dist/fonts/type1/public/amsfonts/cm/cmr12.pfb></usr
/local/texlive/2018/texmf-dist/fonts/type1/public/amsfonts/cm/cmr17.pfb></usr/l
ocal/texlive/2018/texmf-dist/fonts/type1/public/amsfonts/cm/cmr7.pfb></usr/loca
l/texlive/2018/texmf-dist/fonts/type1/public/amsfonts/cm/cmsy7.pfb></usr/local/
texlive/2018/texmf-dist/fonts/type1/public/amsfonts/cm/cmti7.pfb>
Output written on correlation-signedup-analysis.pdf (4 pages, 93469 bytes).
PDF statistics:
 49 PDF objects out of 1000 (max. 8388607)
 34 compressed objects within 1 object stream
 0 named destinations out of 1000 (max. 500000)
 1 words of extra memory for PDF output out of 10000 (max. 10000000)

